# 00,	1000,	1,	0,	0,	0,	00,	00,	00
# 01,	1011,	1,	0,	1,	1,	00,	01,	00
# 02,	1002,	1,	0,	0,	2,	00,	00,	00
# 03,	10a3,	1,	0,	a,	3,	00,	0a,	00
# 04,	e236,	e,	2,	3,	6,	00,	0a,	00
# 05,	2014,	2,	0,	1,	4,	00,	01,	00
# 06,	3100,	3,	1,	0,	0,	01,	00,	00
# 07,	3401,	3,	4,	0,	1,	01,	01,	01
# 08,	7022,	7,	0,	2,	2,	01,	00,	00
# 09,	d040,	d,	0,	4,	0,	01,	01,	01
# 04,	e236,	e,	2,	3,	6,	02,	0a,	00
# 05,	2014,	2,	0,	1,	4,	01,	02,	01
# 06,	3100,	3,	1,	0,	0,	02,	01,	01
# 07,	3401,	3,	4,	0,	1,	03,	03,	02
# 08,	7022,	7,	0,	2,	2,	03,	02,	02
# 09,	d040,	d,	0,	4,	0,	03,	03,	03
# 04,	e236,	e,	2,	3,	6,	04,	0a,	00
# 05,	2014,	2,	0,	1,	4,	03,	06,	03
# 06,	3100,	3,	1,	0,	0,	06,	03,	03
# 07,	3401,	3,	4,	0,	1,	09,	09,	06
# 08,	7022,	7,	0,	2,	2,	09,	04,	04
# 09,	d040,	d,	0,	4,	0,	09,	09,	09
# 04,	e236,	e,	2,	3,	6,	0a,	0a,	00
# 0a,	3405,	3,	4,	0,	5,	09,	09,	00
# 0b,	6536,	6,	5,	3,	6,	12,	0a,	00
# 0c,	5637,	5,	6,	3,	7,	23,	0a,	00
# 0d,	4578,	4,	5,	7,	8,	12,	5e,	00
# 0e,	3828,	3,	8,	2,	8,	b4,	0a,	b4
# 0f,	8089,	8,	0,	8,	9,	09,	be,	00
# 10,	809a,	8,	0,	9,	a,	09,	08,	00
# 11,	b89b,	b,	8,	9,	b,	be,	08,	00
# 12,	a9ac,	a,	9,	a,	c,	08,	08,	00
# 13,	c0cd,	c,	0,	c,	d,	09,	f7,	00
