#! /usr/local/bin/vvp
:ivl_version "10.1 (stable)" "(v10_1-47-g8a780ec)";
:ivl_delay_selection "TYPICAL";
:vpi_time_precision + 0;
:vpi_module "system";
:vpi_module "vhdl_sys";
:vpi_module "v2005_math";
:vpi_module "va_math";
S_0x2615330 .scope module, "fifo_tb" "fifo_tb" 2 1;
 .timescale 0 0;
P_0x2605350 .param/l "T" 1 2 8, +C4<00000000000000000000000000010100>;
v0x2635810_0 .var "CLK", 0 0;
v0x26358d0_0 .net "rd_data_tb", 31 0, L_0x2635f50;  1 drivers
v0x26359a0_0 .var "rd_tb", 0 0;
v0x2635aa0_0 .var "reset", 0 0;
v0x2635b70_0 .var "wr_data_tb", 31 0;
v0x2635c10_0 .var "wr_tb", 0 0;
E_0x2615840 .event negedge, v0x2634720_0;
E_0x26160c0 .event negedge, v0x26350c0_0;
S_0x2615500 .scope module, "f1" "fifo" 2 7, 3 1 0, S_0x2615330;
 .timescale 0 0;
    .port_info 0 /INPUT 1 "clk"
    .port_info 1 /INPUT 1 "reset"
    .port_info 2 /INPUT 1 "rd"
    .port_info 3 /INPUT 1 "wr"
    .port_info 4 /INPUT 32 "wr_data"
    .port_info 5 /OUTPUT 32 "rd_data"
P_0x260db40 .param/l "D" 0 3 3, +C4<00000000000000000000000000000100>;
P_0x260db80 .param/l "N" 0 3 2, +C4<00000000000000000000000000100000>;
L_0x2635f50 .functor BUFZ 32, L_0x2635ce0, C4<00000000000000000000000000000000>, C4<00000000000000000000000000000000>, C4<00000000000000000000000000000000>;
L_0x2636060 .functor NOT 1, v0x2634bc0_0, C4<0>, C4<0>, C4<0>;
L_0x26360d0 .functor AND 1, v0x2635c10_0, L_0x2636060, C4<1>, C4<1>;
v0x2603fd0_0 .net *"_s0", 31 0, L_0x2635ce0;  1 drivers
v0x2634470_0 .net *"_s2", 5 0, L_0x2635de0;  1 drivers
L_0x7f0f41fbc018 .functor BUFT 1, C4<00>, C4<0>, C4<0>, C4<0>;
v0x2634550_0 .net *"_s5", 1 0, L_0x7f0f41fbc018;  1 drivers
v0x2634640_0 .net *"_s8", 0 0, L_0x2636060;  1 drivers
v0x2634720_0 .net "clk", 0 0, v0x2635810_0;  1 drivers
v0x2634830_0 .var "empty_next", 0 0;
v0x26348f0_0 .var "empty_q", 0 0;
v0x26349b0 .array "fifo_reg", 0 15, 31 0;
v0x2634a70_0 .var "full_next", 0 0;
v0x2634bc0_0 .var "full_q", 0 0;
v0x2634c80_0 .var "r_pointer_next", 3 0;
v0x2634d60_0 .var "r_pointer_q", 3 0;
v0x2634e40_0 .var "r_pointer_succ", 3 0;
v0x2634f20_0 .net "rd", 0 0, v0x26359a0_0;  1 drivers
v0x2634fe0_0 .net "rd_data", 31 0, L_0x2635f50;  alias, 1 drivers
v0x26350c0_0 .net "reset", 0 0, v0x2635aa0_0;  1 drivers
v0x2635180_0 .var "w_pointer_next", 3 0;
v0x2635330_0 .var "w_pointer_q", 3 0;
v0x26353d0_0 .var "w_pointer_succ", 3 0;
v0x26354b0_0 .net "wr", 0 0, v0x2635c10_0;  1 drivers
v0x2635570_0 .net "wr_data", 31 0, v0x2635b70_0;  1 drivers
v0x2635650_0 .net "wr_en", 0 0, L_0x26360d0;  1 drivers
E_0x2615940/0 .event edge, v0x2635330_0, v0x2634d60_0, v0x2634bc0_0, v0x26348f0_0;
E_0x2615940/1 .event edge, v0x26354b0_0, v0x2634f20_0, v0x2634e40_0, v0x26353d0_0;
E_0x2615940 .event/or E_0x2615940/0, E_0x2615940/1;
E_0x2615de0 .event posedge, v0x26350c0_0, v0x2634720_0;
E_0x2615bc0 .event posedge, v0x2634720_0;
L_0x2635ce0 .array/port v0x26349b0, L_0x2635de0;
L_0x2635de0 .concat [ 4 2 0 0], v0x2634d60_0, L_0x7f0f41fbc018;
    .scope S_0x2615500;
T_0 ;
    %wait E_0x2615bc0;
    %load/vec4 v0x2635650_0;
    %flag_set/vec4 8;
    %jmp/0xz  T_0.0, 8;
    %load/vec4 v0x2635570_0;
    %load/vec4 v0x2635330_0;
    %pad/u 6;
    %ix/vec4 3;
    %ix/load 4, 0, 0; Constant delay
    %assign/vec4/a/d v0x26349b0, 0, 4;
T_0.0 ;
    %jmp T_0;
    .thread T_0;
    .scope S_0x2615500;
T_1 ;
    %wait E_0x2615de0;
    %load/vec4 v0x26350c0_0;
    %flag_set/vec4 8;
    %jmp/0xz  T_1.0, 8;
    %pushi/vec4 0, 0, 4;
    %assign/vec4 v0x2635330_0, 0;
    %pushi/vec4 0, 0, 4;
    %assign/vec4 v0x2634d60_0, 0;
    %pushi/vec4 0, 0, 1;
    %assign/vec4 v0x2634bc0_0, 0;
    %pushi/vec4 1, 0, 1;
    %assign/vec4 v0x26348f0_0, 0;
    %jmp T_1.1;
T_1.0 ;
    %load/vec4 v0x2635180_0;
    %assign/vec4 v0x2635330_0, 0;
    %load/vec4 v0x2634c80_0;
    %assign/vec4 v0x2634d60_0, 0;
    %load/vec4 v0x2634a70_0;
    %assign/vec4 v0x2634bc0_0, 0;
    %load/vec4 v0x2634830_0;
    %assign/vec4 v0x26348f0_0, 0;
T_1.1 ;
    %jmp T_1;
    .thread T_1;
    .scope S_0x2615500;
T_2 ;
    %wait E_0x2615940;
    %load/vec4 v0x2635330_0;
    %store/vec4 v0x2635180_0, 0, 4;
    %load/vec4 v0x2634d60_0;
    %store/vec4 v0x2634c80_0, 0, 4;
    %load/vec4 v0x2634bc0_0;
    %store/vec4 v0x2634a70_0, 0, 1;
    %load/vec4 v0x26348f0_0;
    %store/vec4 v0x2634830_0, 0, 1;
    %load/vec4 v0x2635330_0;
    %addi 1, 0, 4;
    %store/vec4 v0x26353d0_0, 0, 4;
    %load/vec4 v0x2634d60_0;
    %addi 1, 0, 4;
    %store/vec4 v0x2634e40_0, 0, 4;
    %load/vec4 v0x26354b0_0;
    %load/vec4 v0x2634f20_0;
    %concat/vec4; draw_concat_vec4
    %dup/vec4;
    %pushi/vec4 1, 0, 2;
    %cmp/u;
    %jmp/1 T_2.0, 6;
    %dup/vec4;
    %pushi/vec4 2, 0, 2;
    %cmp/u;
    %jmp/1 T_2.1, 6;
    %dup/vec4;
    %pushi/vec4 3, 0, 2;
    %cmp/u;
    %jmp/1 T_2.2, 6;
    %jmp T_2.3;
T_2.0 ;
    %load/vec4 v0x26348f0_0;
    %inv;
    %flag_set/vec4 8;
    %jmp/0xz  T_2.4, 8;
    %load/vec4 v0x2634e40_0;
    %store/vec4 v0x2634c80_0, 0, 4;
    %load/vec4 v0x2634e40_0;
    %load/vec4 v0x2635330_0;
    %cmp/e;
    %flag_mov 8, 4;
    %jmp/0 T_2.6, 8;
    %pushi/vec4 1, 0, 1;
    %jmp/1 T_2.7, 8;
T_2.6 ; End of true expr.
    %load/vec4 v0x26348f0_0;
    %jmp/0 T_2.7, 8;
 ; End of false expr.
    %blend;
T_2.7;
    %store/vec4 v0x2634830_0, 0, 1;
    %pushi/vec4 0, 0, 1;
    %store/vec4 v0x2634a70_0, 0, 1;
T_2.4 ;
    %jmp T_2.3;
T_2.1 ;
    %load/vec4 v0x2634bc0_0;
    %inv;
    %flag_set/vec4 8;
    %jmp/0xz  T_2.8, 8;
    %load/vec4 v0x26353d0_0;
    %store/vec4 v0x2635180_0, 0, 4;
    %load/vec4 v0x26353d0_0;
    %load/vec4 v0x2634d60_0;
    %cmp/e;
    %flag_mov 8, 4;
    %jmp/0 T_2.10, 8;
    %pushi/vec4 1, 0, 1;
    %jmp/1 T_2.11, 8;
T_2.10 ; End of true expr.
    %load/vec4 v0x2634bc0_0;
    %jmp/0 T_2.11, 8;
 ; End of false expr.
    %blend;
T_2.11;
    %store/vec4 v0x2634a70_0, 0, 1;
    %pushi/vec4 0, 0, 1;
    %store/vec4 v0x2634830_0, 0, 1;
T_2.8 ;
    %jmp T_2.3;
T_2.2 ;
    %load/vec4 v0x26353d0_0;
    %store/vec4 v0x2635180_0, 0, 4;
    %load/vec4 v0x2634e40_0;
    %store/vec4 v0x2634c80_0, 0, 4;
    %jmp T_2.3;
T_2.3 ;
    %pop/vec4 1;
    %jmp T_2;
    .thread T_2, $push;
    .scope S_0x2615330;
T_3 ;
    %pushi/vec4 1, 0, 1;
    %store/vec4 v0x2635810_0, 0, 1;
    %delay 10, 0;
    %pushi/vec4 0, 0, 1;
    %store/vec4 v0x2635810_0, 0, 1;
    %delay 10, 0;
    %jmp T_3;
    .thread T_3;
    .scope S_0x2615330;
T_4 ;
    %pushi/vec4 1, 0, 1;
    %store/vec4 v0x2635aa0_0, 0, 1;
    %delay 10, 0;
    %pushi/vec4 0, 0, 1;
    %store/vec4 v0x2635aa0_0, 0, 1;
    %end;
    .thread T_4;
    .scope S_0x2615330;
T_5 ;
    %pushi/vec4 0, 0, 1;
    %store/vec4 v0x26359a0_0, 0, 1;
    %pushi/vec4 0, 0, 1;
    %store/vec4 v0x2635c10_0, 0, 1;
    %pushi/vec4 0, 0, 32;
    %store/vec4 v0x2635b70_0, 0, 32;
    %wait E_0x26160c0;
    %pushi/vec4 2, 0, 32;
T_5.0 %dup/vec4;
    %pushi/vec4 0, 0, 32;
    %cmp/s;
    %jmp/1xz T_5.1, 5;
    %jmp/1 T_5.1, 4;
    %pushi/vec4 1, 0, 32;
    %sub;
    %wait E_0x2615840;
    %jmp T_5.0;
T_5.1 ;
    %pop/vec4 1;
    %pushi/vec4 1, 0, 1;
    %store/vec4 v0x26359a0_0, 0, 1;
    %wait E_0x2615840;
    %pushi/vec4 0, 0, 1;
    %store/vec4 v0x26359a0_0, 0, 1;
    %pushi/vec4 1, 0, 1;
    %store/vec4 v0x2635c10_0, 0, 1;
    %pushi/vec4 3735928559, 0, 32;
    %store/vec4 v0x2635b70_0, 0, 32;
    %wait E_0x2615840;
    %pushi/vec4 1, 0, 1;
    %store/vec4 v0x26359a0_0, 0, 1;
    %pushi/vec4 305419896, 0, 32;
    %store/vec4 v0x2635b70_0, 0, 32;
    %wait E_0x2615840;
    %pushi/vec4 1, 0, 1;
    %store/vec4 v0x26359a0_0, 0, 1;
    %pushi/vec4 0, 0, 1;
    %store/vec4 v0x2635c10_0, 0, 1;
    %load/vec4 v0x2635b70_0;
    %inv;
    %store/vec4 v0x2635b70_0, 0, 32;
    %pushi/vec4 4, 0, 32;
T_5.2 %dup/vec4;
    %pushi/vec4 0, 0, 32;
    %cmp/s;
    %jmp/1xz T_5.3, 5;
    %jmp/1 T_5.3, 4;
    %pushi/vec4 1, 0, 32;
    %sub;
    %wait E_0x2615840;
    %jmp T_5.2;
T_5.3 ;
    %pop/vec4 1;
    %wait E_0x2615840;
    %pushi/vec4 0, 0, 1;
    %store/vec4 v0x26359a0_0, 0, 1;
    %pushi/vec4 1, 0, 1;
    %store/vec4 v0x2635c10_0, 0, 1;
    %pushi/vec4 0, 0, 32;
    %store/vec4 v0x2635b70_0, 0, 32;
    %wait E_0x2615840;
    %pushi/vec4 1, 0, 32;
    %store/vec4 v0x2635b70_0, 0, 32;
    %wait E_0x2615840;
    %pushi/vec4 2, 0, 32;
    %store/vec4 v0x2635b70_0, 0, 32;
    %wait E_0x2615840;
    %pushi/vec4 3, 0, 32;
    %store/vec4 v0x2635b70_0, 0, 32;
    %wait E_0x2615840;
    %pushi/vec4 4, 0, 32;
    %store/vec4 v0x2635b70_0, 0, 32;
    %wait E_0x2615840;
    %pushi/vec4 1, 0, 1;
    %store/vec4 v0x26359a0_0, 0, 1;
    %pushi/vec4 0, 0, 1;
    %store/vec4 v0x2635c10_0, 0, 1;
    %pushi/vec4 4, 0, 32;
T_5.4 %dup/vec4;
    %pushi/vec4 0, 0, 32;
    %cmp/s;
    %jmp/1xz T_5.5, 5;
    %jmp/1 T_5.5, 4;
    %pushi/vec4 1, 0, 32;
    %sub;
    %wait E_0x2615840;
    %jmp T_5.4;
T_5.5 ;
    %pop/vec4 1;
    %vpi_call 2 72 "$finish" {0 0 0};
    %end;
    .thread T_5;
    .scope S_0x2615330;
T_6 ;
    %vpi_call 2 77 "$monitor", "Time:%d\011CLK:%b\011reset:%b\011Read:%b\011Write:%b\011WriteData:%h\011ReadData:%h", $time, v0x2635810_0, v0x2635aa0_0, v0x26359a0_0, v0x2635c10_0, v0x2635b70_0, v0x26358d0_0 {0 0 0};
    %end;
    .thread T_6;
# The file index is used to find the file name in the following table.
:file_names 4;
    "N/A";
    "<interactive>";
    "tb/fifo_tb.v";
    "verilog/fifo.v";
